Build started 31.03.2013 23:46:28.
     1>Project "C:\Users\User\Documents\GitHub\CPlus\Task2(Taxi_Route)\Taxi_Route\Taxi_Route.vcxproj" on node 2 (Build target(s)).
     1>ClCompile:
         C:\Program Files (x86)\Microsoft Visual Studio 11.0\VC\bin\CL.exe /c /ZI /nologo /W3 /WX- /Od /Oy- /D WIN32 /D _DEBUG /D _CONSOLE /D _UNICODE /D UNICODE /Gm /EHsc /RTC1 /MDd /GS /fp:precise /Zc:wchar_t /Zc:forScope /Yc"stdafx.h" /Fp"Debug\Taxi_Route.pch" /Fo"Debug\\" /Fd"Debug\vc110.pdb" /Gd /TP /analyze- /errorReport:prompt stdafx.cpp
         stdafx.cpp
         C:\Program Files (x86)\Microsoft Visual Studio 11.0\VC\bin\CL.exe /c /ZI /nologo /W3 /WX- /Od /Oy- /D WIN32 /D _DEBUG /D _CONSOLE /D _UNICODE /D UNICODE /Gm /EHsc /RTC1 /MDd /GS /fp:precise /Zc:wchar_t /Zc:forScope /Yu"stdafx.h" /Fp"Debug\Taxi_Route.pch" /Fo"Debug\\" /Fd"Debug\vc110.pdb" /Gd /TP /analyze- /errorReport:prompt BigBus.cpp Bus.cpp BusStop.cpp City.cpp LittleBus.cpp Man.cpp MiddleBus.cpp Route.cpp Taxi_Route.cpp
         Taxi_Route.cpp
         Route.cpp
         MiddleBus.cpp
         Man.cpp
         LittleBus.cpp
         City.cpp
     1>c:\users\user\documents\github\cplus\task2(taxi_route)\taxi_route\city.cpp(59): warning C4244: 'argument' : conversion from 'time_t' to 'unsigned int', possible loss of data
     1>c:\users\user\documents\github\cplus\task2(taxi_route)\taxi_route\city.cpp(83): warning C4244: 'argument' : conversion from 'time_t' to 'unsigned int', possible loss of data
     1>c:\users\user\documents\github\cplus\task2(taxi_route)\taxi_route\city.cpp(118): warning C4018: '<' : signed/unsigned mismatch
     1>c:\users\user\documents\github\cplus\task2(taxi_route)\taxi_route\city.cpp(121): warning C4018: '<' : signed/unsigned mismatch
         BusStop.cpp
     1>c:\users\user\documents\github\cplus\task2(taxi_route)\taxi_route\busstop.cpp(41): warning C4018: '<' : signed/unsigned mismatch
         Bus.cpp
     1>c:\users\user\documents\github\cplus\task2(taxi_route)\taxi_route\bus.cpp(93): warning C4018: '<' : signed/unsigned mismatch
         BigBus.cpp
         Generating Code...
       Link:
         C:\Program Files (x86)\Microsoft Visual Studio 11.0\VC\bin\link.exe /ERRORREPORT:PROMPT /OUT:"C:\Users\User\Documents\GitHub\CPlus\Task2(Taxi_Route)\Debug\Taxi_Route.exe" /INCREMENTAL /NOLOGO kernel32.lib user32.lib gdi32.lib winspool.lib comdlg32.lib advapi32.lib shell32.lib ole32.lib oleaut32.lib uuid.lib odbc32.lib odbccp32.lib /MANIFEST /MANIFESTUAC:"level='asInvoker' uiAccess='false'" /manifest:embed /DEBUG /PDB:"C:\Users\User\Documents\GitHub\CPlus\Task2(Taxi_Route)\Debug\Taxi_Route.pdb" /SUBSYSTEM:CONSOLE /TLBID:1 /DYNAMICBASE /NXCOMPAT /IMPLIB:"C:\Users\User\Documents\GitHub\CPlus\Task2(Taxi_Route)\Debug\Taxi_Route.lib" /MACHINE:X86 Debug\BigBus.obj
         Debug\Bus.obj
         Debug\BusStop.obj
         Debug\City.obj
         Debug\LittleBus.obj
         Debug\Man.obj
         Debug\MiddleBus.obj
         Debug\Route.obj
         Debug\stdafx.obj
         Debug\Taxi_Route.obj
         Taxi_Route.vcxproj -> C:\Users\User\Documents\GitHub\CPlus\Task2(Taxi_Route)\Debug\Taxi_Route.exe
     1>Done Building Project "C:\Users\User\Documents\GitHub\CPlus\Task2(Taxi_Route)\Taxi_Route\Taxi_Route.vcxproj" (Build target(s)).

Build succeeded.

Time Elapsed 00:00:12.84
