Build started 08.04.2013 23:43:25.
     1>Project "C:\Users\User\Documents\GitHub\CPlus\Task3(BinaryTree)\BinaryTree\BinaryTree.vcxproj" on node 2 (Build target(s)).
     1>ClCompile:
         C:\Program Files (x86)\Microsoft Visual Studio 11.0\VC\bin\CL.exe /c /ZI /nologo /W3 /WX- /sdl /Od /Oy- /D WIN32 /D _DEBUG /D _CONSOLE /D _UNICODE /D UNICODE /Gm /EHsc /RTC1 /MDd /GS /fp:precise /Zc:wchar_t /Zc:forScope /Yc"stdafx.h" /Fp"Debug\BinaryTree.pch" /Fo"Debug\\" /Fd"Debug\vc110.pdb" /Gd /TP /analyze- /errorReport:prompt stdafx.cpp
         stdafx.cpp
         C:\Program Files (x86)\Microsoft Visual Studio 11.0\VC\bin\CL.exe /c /ZI /nologo /W3 /WX- /sdl /Od /Oy- /D WIN32 /D _DEBUG /D _CONSOLE /D _UNICODE /D UNICODE /Gm /EHsc /RTC1 /MDd /GS /fp:precise /Zc:wchar_t /Zc:forScope /Yu"stdafx.h" /Fp"Debug\BinaryTree.pch" /Fo"Debug\\" /Fd"Debug\vc110.pdb" /Gd /TP /analyze- /errorReport:prompt BTree.cpp BinaryTree.cpp
         BinaryTree.cpp
     1>c:\users\user\documents\github\cplus\task3(binarytree)\binarytree\iterator.h(40): error C2679: binary '!=' : no operator found which takes a right-hand operand of type 'const Iterator<T>' (or there is no acceptable conversion)
                 with
                 [
                     T=int
                 ]
                 could be 'built-in C++ operator!=(Node<T> *, Node<T> *)'
                 with
                 [
                     T=int
                 ]
                 c:\program files (x86)\microsoft visual studio 11.0\vc\include\exception(522): or       'bool std::operator !=(const std::exception_ptr &,const std::exception_ptr &)'
                 c:\program files (x86)\microsoft visual studio 11.0\vc\include\exception(527): or       'bool std::operator !=(std::nullptr_t,const std::exception_ptr &)'
                 c:\program files (x86)\microsoft visual studio 11.0\vc\include\exception(532): or       'bool std::operator !=(const std::exception_ptr &,std::nullptr_t)'
                 c:\program files (x86)\microsoft visual studio 11.0\vc\include\system_error(443): or       'bool std::operator !=(const std::error_code &,const std::error_condition &) throw()'
                 c:\program files (x86)\microsoft visual studio 11.0\vc\include\system_error(450): or       'bool std::operator !=(const std::error_condition &,const std::error_code &) throw()'
                 while trying to match the argument list '(Node<T> *, const Iterator<T>)'
                 with
                 [
                     T=int
                 ]
                 c:\users\user\documents\github\cplus\task3(binarytree)\binarytree\iterator.h(39) : while compiling class template member function 'bool &Iterator<T>::operator !=(const Iterator<T> &)'
                 with
                 [
                     T=int
                 ]
                 c:\users\user\documents\github\cplus\task3(binarytree)\binarytree\binarytree.cpp(124) : see reference to function template instantiation 'bool &Iterator<T>::operator !=(const Iterator<T> &)' being compiled
                 with
                 [
                     T=int
                 ]
                 c:\users\user\documents\github\cplus\task3(binarytree)\binarytree\binarytree.cpp(33) : see reference to class template instantiation 'Iterator<T>' being compiled
                 with
                 [
                     T=int
                 ]
         BTree.cpp
         Generating Code...
     1>Done Building Project "C:\Users\User\Documents\GitHub\CPlus\Task3(BinaryTree)\BinaryTree\BinaryTree.vcxproj" (Build target(s)) -- FAILED.

Build FAILED.

Time Elapsed 00:00:01.70
