C:\USERS\USER\DOCUMENTS\GITHUB\CPLUS\TASK3(BINARYTREE)\BINARYTREE\DEBUG\VC110.PDB
C:\USERS\USER\DOCUMENTS\GITHUB\CPLUS\TASK3(BINARYTREE)\BINARYTREE\DEBUG\BINARYTREE.PCH
C:\USERS\USER\DOCUMENTS\GITHUB\CPLUS\TASK3(BINARYTREE)\BINARYTREE\DEBUG\STDAFX.OBJ
C:\USERS\USER\DOCUMENTS\GITHUB\CPLUS\TASK3(BINARYTREE)\BINARYTREE\DEBUG\BINARYTREE.OBJ
C:\USERS\USER\DOCUMENTS\GITHUB\CPLUS\TASK3(BINARYTREE)\BINARYTREE\DEBUG\BTREE.OBJ
C:\USERS\USER\DOCUMENTS\GITHUB\CPLUS\TASK3(BINARYTREE)\DEBUG\BINARYTREE.ILK
C:\USERS\USER\DOCUMENTS\GITHUB\CPLUS\TASK3(BINARYTREE)\DEBUG\BINARYTREE.EXE
C:\USERS\USER\DOCUMENTS\GITHUB\CPLUS\TASK3(BINARYTREE)\DEBUG\BINARYTREE.PDB
C:\Users\User\Documents\GitHub\CPlus\Task3(BinaryTree)\BinaryTree\Debug\BinaryTree.obj
C:\Users\User\Documents\GitHub\CPlus\Task3(BinaryTree)\BinaryTree\Debug\BTree.obj
C:\Users\User\Documents\GitHub\CPlus\Task3(BinaryTree)\BinaryTree\Debug\stdafx.obj
C:\Users\User\Documents\GitHub\CPlus\Task3(BinaryTree)\BinaryTree\Debug\cl.command.1.tlog
C:\Users\User\Documents\GitHub\CPlus\Task3(BinaryTree)\BinaryTree\Debug\CL.read.1.tlog
C:\Users\User\Documents\GitHub\CPlus\Task3(BinaryTree)\BinaryTree\Debug\CL.write.1.tlog
C:\Users\User\Documents\GitHub\CPlus\Task3(BinaryTree)\BinaryTree\Debug\link-cvtres.read.1.tlog
C:\Users\User\Documents\GitHub\CPlus\Task3(BinaryTree)\BinaryTree\Debug\link-cvtres.write.1.tlog
C:\Users\User\Documents\GitHub\CPlus\Task3(BinaryTree)\BinaryTree\Debug\link-rc.read.1.tlog
C:\Users\User\Documents\GitHub\CPlus\Task3(BinaryTree)\BinaryTree\Debug\link-rc.write.1.tlog
C:\Users\User\Documents\GitHub\CPlus\Task3(BinaryTree)\BinaryTree\Debug\link.6020-cvtres.read.1.tlog
C:\Users\User\Documents\GitHub\CPlus\Task3(BinaryTree)\BinaryTree\Debug\link.6020-cvtres.write.1.tlog
C:\Users\User\Documents\GitHub\CPlus\Task3(BinaryTree)\BinaryTree\Debug\link.6020-rc.read.1.tlog
C:\Users\User\Documents\GitHub\CPlus\Task3(BinaryTree)\BinaryTree\Debug\link.6020-rc.write.1.tlog
C:\Users\User\Documents\GitHub\CPlus\Task3(BinaryTree)\BinaryTree\Debug\link.6020.read.1.tlog
C:\Users\User\Documents\GitHub\CPlus\Task3(BinaryTree)\BinaryTree\Debug\link.6020.write.1.tlog
C:\Users\User\Documents\GitHub\CPlus\Task3(BinaryTree)\BinaryTree\Debug\link.command.1.tlog
C:\Users\User\Documents\GitHub\CPlus\Task3(BinaryTree)\BinaryTree\Debug\link.read.1.tlog
C:\Users\User\Documents\GitHub\CPlus\Task3(BinaryTree)\BinaryTree\Debug\link.write.1.tlog
C:\Users\User\Documents\GitHub\CPlus\Task3(BinaryTree)\BinaryTree\Debug\BinaryTree.pch
C:\Users\User\Documents\GitHub\CPlus\Task3(BinaryTree)\BinaryTree\Debug\vc110.idb
C:\Users\User\Documents\GitHub\CPlus\Task3(BinaryTree)\BinaryTree\Debug\vc110.pdb
C:\Users\User\Documents\GitHub\CPlus\Task3(BinaryTree)\Debug\BinaryTree.pdb
C:\Users\User\Documents\GitHub\CPlus\Task3(BinaryTree)\Debug\BinaryTree.exe
C:\Users\User\Documents\GitHub\CPlus\Task3(BinaryTree)\Debug\BinaryTree.ilk
