C:\USERS\USER\DOCUMENTS\GITHUB\CPLUS\TASK1(SSCANF)\TASK1(SSCANF)\DEBUG\TASK1(SSCANF).PCH
C:\USERS\USER\DOCUMENTS\GITHUB\CPLUS\TASK1(SSCANF)\TASK1(SSCANF)\DEBUG\STDAFX.OBJ
C:\USERS\USER\DOCUMENTS\GITHUB\CPLUS\TASK1(SSCANF)\TASK1(SSCANF)\DEBUG\VC110.PDB
C:\USERS\USER\DOCUMENTS\GITHUB\CPLUS\TASK1(SSCANF)\TASK1(SSCANF)\DEBUG\TASK1(SSCANF).OBJ
C:\USERS\USER\DOCUMENTS\GITHUB\CPLUS\TASK1(SSCANF)\DEBUG\TASK1(SSCANF).ILK
C:\USERS\USER\DOCUMENTS\GITHUB\CPLUS\TASK1(SSCANF)\DEBUG\TASK1(SSCANF).EXE
C:\USERS\USER\DOCUMENTS\GITHUB\CPLUS\TASK1(SSCANF)\DEBUG\TASK1(SSCANF).PDB
C:\Users\User\Documents\GitHub\CPlus\Task1(sscanf)\Task1(sscanf)\Debug\stdafx.obj
C:\Users\User\Documents\GitHub\CPlus\Task1(sscanf)\Task1(sscanf)\Debug\Task1(sscanf).obj
C:\Users\User\Documents\GitHub\CPlus\Task1(sscanf)\Task1(sscanf)\Debug\cl.command.1.tlog
C:\Users\User\Documents\GitHub\CPlus\Task1(sscanf)\Task1(sscanf)\Debug\CL.read.1.tlog
C:\Users\User\Documents\GitHub\CPlus\Task1(sscanf)\Task1(sscanf)\Debug\CL.write.1.tlog
C:\Users\User\Documents\GitHub\CPlus\Task1(sscanf)\Task1(sscanf)\Debug\link-cvtres.read.1.tlog
C:\Users\User\Documents\GitHub\CPlus\Task1(sscanf)\Task1(sscanf)\Debug\link-cvtres.write.1.tlog
C:\Users\User\Documents\GitHub\CPlus\Task1(sscanf)\Task1(sscanf)\Debug\link-rc.read.1.tlog
C:\Users\User\Documents\GitHub\CPlus\Task1(sscanf)\Task1(sscanf)\Debug\link-rc.write.1.tlog
C:\Users\User\Documents\GitHub\CPlus\Task1(sscanf)\Task1(sscanf)\Debug\link.command.1.tlog
C:\Users\User\Documents\GitHub\CPlus\Task1(sscanf)\Task1(sscanf)\Debug\link.read.1.tlog
C:\Users\User\Documents\GitHub\CPlus\Task1(sscanf)\Task1(sscanf)\Debug\link.write.1.tlog
C:\Users\User\Documents\GitHub\CPlus\Task1(sscanf)\Task1(sscanf)\Debug\Task1(sscanf).pch
C:\Users\User\Documents\GitHub\CPlus\Task1(sscanf)\Task1(sscanf)\Debug\vc110.idb
C:\Users\User\Documents\GitHub\CPlus\Task1(sscanf)\Task1(sscanf)\Debug\vc110.pdb
C:\Users\User\Documents\GitHub\CPlus\Task1(sscanf)\Debug\Task1(sscanf).pdb
C:\Users\User\Documents\GitHub\CPlus\Task1(sscanf)\Debug\Task1(sscanf).exe
C:\Users\User\Documents\GitHub\CPlus\Task1(sscanf)\Debug\Task1(sscanf).ilk
